{"C:\\www\\boiler-plate\\src\\modules\\user\\application\\create-user.use-case.ts": {"path":"C:\\www\\boiler-plate\\src\\modules\\user\\application\\create-user.use-case.ts","statementMap":{"0":{"start":{"line":1,"column":0},"end":{"line":1,"column":52}},"1":{"start":{"line":2,"column":0},"end":{"line":2,"column":68}},"2":{"start":{"line":5,"column":0},"end":{"line":5,"column":75}},"3":{"start":{"line":8,"column":7},"end":{"line":25,"column":null}},"4":{"start":{"line":11,"column":25},"end":{"line":11,"column":55}},"5":{"start":{"line":15,"column":27},"end":{"line":15,"column":79}},"6":{"start":{"line":17,"column":8},"end":{"line":19,"column":9}},"7":{"start":{"line":18,"column":12},"end":{"line":18,"column":43}},"8":{"start":{"line":21,"column":21},"end":{"line":21,"column":44}},"9":{"start":{"line":23,"column":8},"end":{"line":23,"column":null}},"10":{"start":{"line":8,"column":13},"end":{"line":8,"column":30}},"11":{"start":{"line":8,"column":13},"end":{"line":25,"column":null}}},"fnMap":{"0":{"name":"(anonymous_4)","decl":{"start":{"line":9,"column":4},"end":{"line":9,"column":null}},"loc":{"start":{"line":11,"column":55},"end":{"line":12,"column":9}}},"1":{"name":"(anonymous_5)","decl":{"start":{"line":14,"column":4},"end":{"line":14,"column":9}},"loc":{"start":{"line":14,"column":40},"end":{"line":24,"column":5}}}},"branchMap":{"0":{"loc":{"start":{"line":17,"column":8},"end":{"line":19,"column":9}},"type":"if","locations":[{"start":{"line":17,"column":8},"end":{"line":19,"column":9}},{"start":{},"end":{}}]}},"s":{"0":2,"1":2,"2":2,"3":2,"4":2,"5":2,"6":2,"7":1,"8":1,"9":1,"10":2,"11":2},"f":{"0":2,"1":2},"b":{"0":[1,1]}}
,"C:\\www\\boiler-plate\\src\\modules\\user\\application\\index-user.use-case.ts": {"path":"C:\\www\\boiler-plate\\src\\modules\\user\\application\\index-user.use-case.ts","statementMap":{"0":{"start":{"line":1,"column":0},"end":{"line":1,"column":52}},"1":{"start":{"line":6,"column":7},"end":{"line":16,"column":null}},"2":{"start":{"line":9,"column":25},"end":{"line":9,"column":55}},"3":{"start":{"line":13,"column":31},"end":{"line":13,"column":73}},"4":{"start":{"line":14,"column":8},"end":{"line":14,"column":32}},"5":{"start":{"line":6,"column":13},"end":{"line":6,"column":29}},"6":{"start":{"line":6,"column":13},"end":{"line":16,"column":null}}},"fnMap":{"0":{"name":"(anonymous_4)","decl":{"start":{"line":7,"column":4},"end":{"line":7,"column":null}},"loc":{"start":{"line":9,"column":55},"end":{"line":10,"column":9}}},"1":{"name":"(anonymous_5)","decl":{"start":{"line":12,"column":4},"end":{"line":12,"column":9}},"loc":{"start":{"line":12,"column":40},"end":{"line":15,"column":5}}}},"branchMap":{},"s":{"0":2,"1":2,"2":1,"3":1,"4":1,"5":2,"6":2},"f":{"0":1,"1":1},"b":{}}
,"C:\\www\\boiler-plate\\src\\modules\\user\\application\\process-avatar.use-case.ts": {"path":"C:\\www\\boiler-plate\\src\\modules\\user\\application\\process-avatar.use-case.ts","statementMap":{"0":{"start":{"line":1,"column":0},"end":{"line":1,"column":44}},"1":{"start":{"line":4,"column":7},"end":{"line":8,"column":null}},"2":{"start":{"line":6,"column":8},"end":{"line":6,"column":73}},"3":{"start":{"line":4,"column":13},"end":{"line":4,"column":33}},"4":{"start":{"line":4,"column":13},"end":{"line":8,"column":null}}},"fnMap":{"0":{"name":"(anonymous_1)","decl":{"start":{"line":5,"column":4},"end":{"line":5,"column":9}},"loc":{"start":{"line":5,"column":30},"end":{"line":7,"column":5}}}},"branchMap":{},"s":{"0":2,"1":2,"2":1,"3":2,"4":2},"f":{"0":1},"b":{}}
,"C:\\www\\boiler-plate\\src\\modules\\user\\application\\upload-avatar-user.use-case.ts": {"path":"C:\\www\\boiler-plate\\src\\modules\\user\\application\\upload-avatar-user.use-case.ts","statementMap":{"0":{"start":{"line":1,"column":0},"end":{"line":1,"column":71}},"1":{"start":{"line":3,"column":0},"end":{"line":3,"column":63}},"2":{"start":{"line":12,"column":7},"end":{"line":55,"column":null}},"3":{"start":{"line":15,"column":16},"end":{"line":15,"column":36}},"4":{"start":{"line":18,"column":16},"end":{"line":18,"column":47}},"5":{"start":{"line":21,"column":16},"end":{"line":21,"column":53}},"6":{"start":{"line":26,"column":21},"end":{"line":26,"column":64}},"7":{"start":{"line":27,"column":8},"end":{"line":29,"column":9}},"8":{"start":{"line":28,"column":12},"end":{"line":28,"column":37}},"9":{"start":{"line":31,"column":8},"end":{"line":33,"column":9}},"10":{"start":{"line":32,"column":12},"end":{"line":32,"column":68}},"11":{"start":{"line":35,"column":25},"end":{"line":35,"column":75}},"12":{"start":{"line":37,"column":8},"end":{"line":37,"column":33}},"13":{"start":{"line":39,"column":8},"end":{"line":46,"column":9}},"14":{"start":{"line":40,"column":12},"end":{"line":43,"column":15}},"15":{"start":{"line":45,"column":12},"end":{"line":45,"column":82}},"16":{"start":{"line":48,"column":8},"end":{"line":48,"column":46}},"17":{"start":{"line":50,"column":8},"end":{"line":53,"column":10}},"18":{"start":{"line":12,"column":13},"end":{"line":12,"column":32}},"19":{"start":{"line":12,"column":13},"end":{"line":55,"column":null}}},"fnMap":{"0":{"name":"(anonymous_4)","decl":{"start":{"line":13,"column":4},"end":{"line":13,"column":null}},"loc":{"start":{"line":21,"column":53},"end":{"line":23,"column":9}}},"1":{"name":"(anonymous_5)","decl":{"start":{"line":25,"column":4},"end":{"line":25,"column":9}},"loc":{"start":{"line":25,"column":44},"end":{"line":54,"column":5}}}},"branchMap":{"0":{"loc":{"start":{"line":27,"column":8},"end":{"line":29,"column":9}},"type":"if","locations":[{"start":{"line":27,"column":8},"end":{"line":29,"column":9}},{"start":{},"end":{}}]},"1":{"loc":{"start":{"line":31,"column":8},"end":{"line":33,"column":9}},"type":"if","locations":[{"start":{"line":31,"column":8},"end":{"line":33,"column":9}},{"start":{},"end":{}}]}},"s":{"0":2,"1":2,"2":2,"3":3,"4":3,"5":3,"6":3,"7":3,"8":1,"9":2,"10":1,"11":2,"12":2,"13":2,"14":2,"15":1,"16":2,"17":2,"18":2,"19":2},"f":{"0":3,"1":3},"b":{"0":[1,2],"1":[1,1]}}
,"C:\\www\\boiler-plate\\src\\modules\\user\\domain\\entities\\user.entity.ts": {"path":"C:\\www\\boiler-plate\\src\\modules\\user\\domain\\entities\\user.entity.ts","statementMap":{"0":{"start":{"line":1,"column":0},"end":{"line":1,"column":43}},"1":{"start":{"line":2,"column":0},"end":{"line":2,"column":66}},"2":{"start":{"line":12,"column":8},"end":{"line":14,"column":9}},"3":{"start":{"line":13,"column":12},"end":{"line":13,"column":71}},"4":{"start":{"line":16,"column":8},"end":{"line":16,"column":35}},"5":{"start":{"line":17,"column":8},"end":{"line":17,"column":69}},"6":{"start":{"line":20,"column":21},"end":{"line":20,"column":36}},"7":{"start":{"line":21,"column":23},"end":{"line":21,"column":40}},"8":{"start":{"line":22,"column":24},"end":{"line":22,"column":42}},"9":{"start":{"line":23,"column":25},"end":{"line":23,"column":44}},"10":{"start":{"line":26,"column":8},"end":{"line":26,"column":29}},"11":{"start":{"line":31,"column":8},"end":{"line":33,"column":9}},"12":{"start":{"line":32,"column":12},"end":{"line":32,"column":24}},"13":{"start":{"line":35,"column":8},"end":{"line":42,"column":9}},"14":{"start":{"line":37,"column":16},"end":{"line":37,"column":73}},"15":{"start":{"line":39,"column":16},"end":{"line":39,"column":99}},"16":{"start":{"line":41,"column":16},"end":{"line":41,"column":28}},"17":{"start":{"line":46,"column":8},"end":{"line":53,"column":10}},"18":{"start":{"line":4,"column":0},"end":{"line":4,"column":13}},"19":{"start":{"line":30,"column":11},"end":{"line":43,"column":null}}},"fnMap":{"0":{"name":"(anonymous_3)","decl":{"start":{"line":11,"column":4},"end":{"line":11,"column":16}},"loc":{"start":{"line":11,"column":103},"end":{"line":18,"column":5}}},"1":{"name":"(anonymous_4)","decl":{"start":{"line":20,"column":11},"end":{"line":20,"column":16}},"loc":{"start":{"line":20,"column":16},"end":{"line":20,"column":38}}},"2":{"name":"(anonymous_5)","decl":{"start":{"line":21,"column":11},"end":{"line":21,"column":18}},"loc":{"start":{"line":21,"column":18},"end":{"line":21,"column":42}}},"3":{"name":"(anonymous_6)","decl":{"start":{"line":22,"column":11},"end":{"line":22,"column":19}},"loc":{"start":{"line":22,"column":19},"end":{"line":22,"column":44}}},"4":{"name":"(anonymous_7)","decl":{"start":{"line":23,"column":11},"end":{"line":23,"column":20}},"loc":{"start":{"line":23,"column":20},"end":{"line":23,"column":46}}},"5":{"name":"(anonymous_8)","decl":{"start":{"line":25,"column":11},"end":{"line":25,"column":20}},"loc":{"start":{"line":25,"column":35},"end":{"line":27,"column":5}}},"6":{"name":"(anonymous_9)","decl":{"start":{"line":30,"column":11},"end":{"line":30,"column":23}},"loc":{"start":{"line":30,"column":23},"end":{"line":43,"column":5}}},"7":{"name":"(anonymous_10)","decl":{"start":{"line":45,"column":11},"end":{"line":45,"column":17}},"loc":{"start":{"line":45,"column":17},"end":{"line":54,"column":5}}}},"branchMap":{"0":{"loc":{"start":{"line":12,"column":8},"end":{"line":14,"column":9}},"type":"if","locations":[{"start":{"line":12,"column":8},"end":{"line":14,"column":9}},{"start":{},"end":{}}]},"1":{"loc":{"start":{"line":12,"column":12},"end":{"line":12,"column":47}},"type":"binary-expr","locations":[{"start":{"line":12,"column":12},"end":{"line":12,"column":22}},{"start":{"line":12,"column":26},"end":{"line":12,"column":47}}]},"2":{"loc":{"start":{"line":17,"column":18},"end":{"line":17,"column":68}},"type":"binary-expr","locations":[{"start":{"line":17,"column":18},"end":{"line":17,"column":26}},{"start":{"line":17,"column":30},"end":{"line":17,"column":68}}]},"3":{"loc":{"start":{"line":31,"column":8},"end":{"line":33,"column":9}},"type":"if","locations":[{"start":{"line":31,"column":8},"end":{"line":33,"column":9}},{"start":{},"end":{}}]},"4":{"loc":{"start":{"line":35,"column":8},"end":{"line":42,"column":9}},"type":"switch","locations":[{"start":{"line":36,"column":12},"end":{"line":37,"column":73}},{"start":{"line":38,"column":12},"end":{"line":39,"column":99}},{"start":{"line":40,"column":12},"end":{"line":41,"column":28}}]}},"s":{"0":4,"1":4,"2":18,"3":1,"4":17,"5":17,"6":2,"7":3,"8":5,"9":0,"10":4,"11":7,"12":3,"13":4,"14":2,"15":1,"16":1,"17":3,"18":4,"19":4},"f":{"0":18,"1":2,"2":3,"3":5,"4":0,"5":4,"6":7,"7":3},"b":{"0":[1,17],"1":[18,18],"2":[17,9],"3":[3,4],"4":[2,1,1]}}
,"C:\\www\\boiler-plate\\src\\modules\\user\\domain\\errors\\email-already-exists.ts": {"path":"C:\\www\\boiler-plate\\src\\modules\\user\\domain\\errors\\email-already-exists.ts","statementMap":{"0":{"start":{"line":1,"column":0},"end":{"line":1,"column":51}},"1":{"start":{"line":5,"column":8},"end":{"line":5,"column":53}},"2":{"start":{"line":3,"column":0},"end":{"line":3,"column":13}}},"fnMap":{"0":{"name":"(anonymous_0)","decl":{"start":{"line":4,"column":4},"end":{"line":4,"column":null}},"loc":{"start":{"line":4,"column":4},"end":{"line":6,"column":5}}}},"branchMap":{},"s":{"0":2,"1":1,"2":2},"f":{"0":1},"b":{}}
,"C:\\www\\boiler-plate\\src\\modules\\user\\domain\\errors\\user-not-found.ts": {"path":"C:\\www\\boiler-plate\\src\\modules\\user\\domain\\errors\\user-not-found.ts","statementMap":{"0":{"start":{"line":1,"column":0},"end":{"line":1,"column":51}},"1":{"start":{"line":5,"column":8},"end":{"line":5,"column":53}},"2":{"start":{"line":3,"column":0},"end":{"line":3,"column":13}}},"fnMap":{"0":{"name":"(anonymous_0)","decl":{"start":{"line":4,"column":4},"end":{"line":4,"column":null}},"loc":{"start":{"line":4,"column":4},"end":{"line":6,"column":5}}}},"branchMap":{},"s":{"0":2,"1":1,"2":2},"f":{"0":1},"b":{}}
,"C:\\www\\boiler-plate\\src\\modules\\user\\infra\\database\\entities\\user.entity.ts": {"path":"C:\\www\\boiler-plate\\src\\modules\\user\\infra\\database\\entities\\user.entity.ts","statementMap":{"0":{"start":{"line":1,"column":0},"end":{"line":1,"column":65}},"1":{"start":{"line":4,"column":7},"end":{"line":25,"column":null}},"2":{"start":{"line":4,"column":13},"end":{"line":4,"column":23}},"3":{"start":{"line":6,"column":4},"end":{"line":6,"column":null}},"4":{"start":{"line":9,"column":4},"end":{"line":9,"column":null}},"5":{"start":{"line":12,"column":4},"end":{"line":12,"column":null}},"6":{"start":{"line":15,"column":4},"end":{"line":15,"column":null}},"7":{"start":{"line":18,"column":4},"end":{"line":18,"column":null}},"8":{"start":{"line":21,"column":4},"end":{"line":21,"column":null}},"9":{"start":{"line":20,"column":49},"end":{"line":20,"column":68}},"10":{"start":{"line":24,"column":4},"end":{"line":24,"column":null}},"11":{"start":{"line":23,"column":49},"end":{"line":23,"column":68}},"12":{"start":{"line":4,"column":13},"end":{"line":25,"column":null}}},"fnMap":{"0":{"name":"(anonymous_2)","decl":{"start":{"line":20,"column":43},"end":{"line":20,"column":46}},"loc":{"start":{"line":20,"column":49},"end":{"line":20,"column":68}}},"1":{"name":"(anonymous_3)","decl":{"start":{"line":23,"column":43},"end":{"line":23,"column":46}},"loc":{"start":{"line":23,"column":49},"end":{"line":23,"column":68}}}},"branchMap":{"0":{"loc":{"start":{"line":21,"column":15},"end":{"line":21,"column":20}},"type":"cond-expr","locations":[{"start":{"line":21,"column":19},"end":{"line":21,"column":20}},{"start":{"line":21,"column":19},"end":{"line":21,"column":20}}]},"1":{"loc":{"start":{"line":21,"column":15},"end":{"line":21,"column":19}},"type":"binary-expr","locations":[{"start":{"line":21,"column":15},"end":{"line":21,"column":20}},{"start":{"line":21,"column":15},"end":{"line":21,"column":19}}]},"2":{"loc":{"start":{"line":24,"column":15},"end":{"line":24,"column":20}},"type":"cond-expr","locations":[{"start":{"line":24,"column":19},"end":{"line":24,"column":20}},{"start":{"line":24,"column":19},"end":{"line":24,"column":20}}]},"3":{"loc":{"start":{"line":24,"column":15},"end":{"line":24,"column":19}},"type":"binary-expr","locations":[{"start":{"line":24,"column":15},"end":{"line":24,"column":20}},{"start":{"line":24,"column":15},"end":{"line":24,"column":19}}]}},"s":{"0":1,"1":1,"2":1,"3":1,"4":1,"5":1,"6":1,"7":1,"8":1,"9":0,"10":1,"11":0,"12":1},"f":{"0":0,"1":0},"b":{"0":[1,0],"1":[1,1],"2":[1,0],"3":[1,1]}}
,"C:\\www\\boiler-plate\\src\\modules\\user\\infra\\database\\repositories\\typeorm-user.repository.ts": {"path":"C:\\www\\boiler-plate\\src\\modules\\user\\infra\\database\\repositories\\typeorm-user.repository.ts","statementMap":{"0":{"start":{"line":1,"column":0},"end":{"line":1,"column":44}},"1":{"start":{"line":2,"column":0},"end":{"line":2,"column":51}},"2":{"start":{"line":3,"column":0},"end":{"line":3,"column":44}},"3":{"start":{"line":4,"column":0},"end":{"line":4,"column":82}},"4":{"start":{"line":6,"column":0},"end":{"line":6,"column":53}},"5":{"start":{"line":7,"column":0},"end":{"line":7,"column":67}},"6":{"start":{"line":11,"column":7},"end":{"line":74,"column":null}},"7":{"start":{"line":14,"column":25},"end":{"line":14,"column":34}},"8":{"start":{"line":18,"column":23},"end":{"line":18,"column":74}},"9":{"start":{"line":20,"column":22},"end":{"line":20,"column":53}},"10":{"start":{"line":22,"column":8},"end":{"line":22,"column":54}},"11":{"start":{"line":26,"column":23},"end":{"line":26,"column":59}},"12":{"start":{"line":28,"column":8},"end":{"line":28,"column":33}},"13":{"start":{"line":28,"column":21},"end":{"line":28,"column":33}},"14":{"start":{"line":30,"column":8},"end":{"line":30,"column":55}},"15":{"start":{"line":34,"column":23},"end":{"line":34,"column":62}},"16":{"start":{"line":36,"column":8},"end":{"line":36,"column":33}},"17":{"start":{"line":36,"column":21},"end":{"line":36,"column":33}},"18":{"start":{"line":38,"column":8},"end":{"line":38,"column":55}},"19":{"start":{"line":42,"column":49},"end":{"line":42,"column":62}},"20":{"start":{"line":44,"column":21},"end":{"line":44,"column":39}},"21":{"start":{"line":47,"column":34},"end":{"line":56,"column":10}},"22":{"start":{"line":58,"column":22},"end":{"line":58,"column":83}},"23":{"start":{"line":58,"column":45},"end":{"line":58,"column":82}},"24":{"start":{"line":60,"column":8},"end":{"line":60,"column":null}},"25":{"start":{"line":64,"column":8},"end":{"line":64,"column":38}},"26":{"start":{"line":68,"column":23},"end":{"line":68,"column":74}},"27":{"start":{"line":70,"column":22},"end":{"line":70,"column":53}},"28":{"start":{"line":72,"column":8},"end":{"line":72,"column":54}},"29":{"start":{"line":11,"column":13},"end":{"line":11,"column":34}},"30":{"start":{"line":11,"column":13},"end":{"line":74,"column":null}}},"fnMap":{"0":{"name":"(anonymous_4)","decl":{"start":{"line":12,"column":4},"end":{"line":12,"column":null}},"loc":{"start":{"line":14,"column":56},"end":{"line":15,"column":9}}},"1":{"name":"(anonymous_5)","decl":{"start":{"line":17,"column":4},"end":{"line":17,"column":9}},"loc":{"start":{"line":17,"column":33},"end":{"line":23,"column":5}}},"2":{"name":"(anonymous_6)","decl":{"start":{"line":25,"column":4},"end":{"line":25,"column":9}},"loc":{"start":{"line":25,"column":29},"end":{"line":31,"column":5}}},"3":{"name":"(anonymous_7)","decl":{"start":{"line":33,"column":4},"end":{"line":33,"column":9}},"loc":{"start":{"line":33,"column":35},"end":{"line":39,"column":5}}},"4":{"name":"(anonymous_8)","decl":{"start":{"line":41,"column":4},"end":{"line":41,"column":9}},"loc":{"start":{"line":41,"column":46},"end":{"line":61,"column":5}}},"5":{"name":"(anonymous_9)","decl":{"start":{"line":58,"column":35},"end":{"line":58,"column":36}},"loc":{"start":{"line":58,"column":45},"end":{"line":58,"column":82}}},"6":{"name":"(anonymous_10)","decl":{"start":{"line":63,"column":4},"end":{"line":63,"column":9}},"loc":{"start":{"line":63,"column":27},"end":{"line":65,"column":5}}},"7":{"name":"(anonymous_11)","decl":{"start":{"line":67,"column":4},"end":{"line":67,"column":9}},"loc":{"start":{"line":67,"column":31},"end":{"line":73,"column":5}}}},"branchMap":{"0":{"loc":{"start":{"line":28,"column":8},"end":{"line":28,"column":33}},"type":"if","locations":[{"start":{"line":28,"column":8},"end":{"line":28,"column":33}},{"start":{},"end":{}}]},"1":{"loc":{"start":{"line":36,"column":8},"end":{"line":36,"column":33}},"type":"if","locations":[{"start":{"line":36,"column":8},"end":{"line":36,"column":33}},{"start":{},"end":{}}]},"2":{"loc":{"start":{"line":42,"column":16},"end":{"line":42,"column":24}},"type":"default-arg","locations":[{"start":{"line":42,"column":23},"end":{"line":42,"column":24}}]},"3":{"loc":{"start":{"line":42,"column":26},"end":{"line":42,"column":36}},"type":"default-arg","locations":[{"start":{"line":42,"column":34},"end":{"line":42,"column":36}}]},"4":{"loc":{"start":{"line":51,"column":19},"end":{"line":55,"column":25}},"type":"cond-expr","locations":[{"start":{"line":51,"column":28},"end":{"line":55,"column":14}},{"start":{"line":55,"column":16},"end":{"line":55,"column":25}}]},"5":{"loc":{"start":{"line":14,"column":34},"end":{"line":14,"column":56}},"type":"cond-expr","locations":[{"start":{"line":14,"column":44},"end":{"line":14,"column":56}},{"start":{"line":14,"column":44},"end":{"line":14,"column":56}}]},"6":{"loc":{"start":{"line":14,"column":34},"end":{"line":14,"column":44}},"type":"binary-expr","locations":[{"start":{"line":14,"column":34},"end":{"line":14,"column":56}},{"start":{"line":14,"column":34},"end":{"line":14,"column":44}}]}},"s":{"0":1,"1":1,"2":1,"3":1,"4":1,"5":1,"6":1,"7":8,"8":1,"9":1,"10":1,"11":2,"12":2,"13":1,"14":1,"15":1,"16":1,"17":0,"18":1,"19":1,"20":1,"21":1,"22":1,"23":2,"24":1,"25":1,"26":1,"27":1,"28":1,"29":1,"30":1},"f":{"0":8,"1":1,"2":2,"3":1,"4":1,"5":2,"6":1,"7":1},"b":{"0":[1,1],"1":[0,1],"2":[0],"3":[0],"4":[0,1],"5":[1,0],"6":[1,1]}}
,"C:\\www\\boiler-plate\\src\\modules\\user\\infra\\http\\controllers\\upload-avatar-user.controller.ts": {"path":"C:\\www\\boiler-plate\\src\\modules\\user\\infra\\http\\controllers\\upload-avatar-user.controller.ts","statementMap":{"0":{"start":{"line":1,"column":0},"end":{"line":1,"column":89}},"1":{"start":{"line":2,"column":0},"end":{"line":2,"column":91}},"2":{"start":{"line":3,"column":0},"end":{"line":3,"column":59}},"3":{"start":{"line":4,"column":0},"end":{"line":4,"column":37}},"4":{"start":{"line":5,"column":0},"end":{"line":5,"column":95}},"5":{"start":{"line":6,"column":0},"end":{"line":6,"column":77}},"6":{"start":{"line":7,"column":0},"end":{"line":7,"column":66}},"7":{"start":{"line":11,"column":7},"end":{"line":49,"column":null}},"8":{"start":{"line":12,"column":24},"end":{"line":12,"column":45}},"9":{"start":{"line":44,"column":8},"end":{"line":47,"column":11}},"10":{"start":{"line":11,"column":13},"end":{"line":11,"column":35}},"11":{"start":{"line":40,"column":10},"end":{"line":48,"column":null}},"12":{"start":{"line":34,"column":33},"end":{"line":34,"column":54}},"13":{"start":{"line":35,"column":33},"end":{"line":35,"column":67}},"14":{"start":{"line":36,"column":16},"end":{"line":36,"column":48}},"15":{"start":{"line":11,"column":13},"end":{"line":49,"column":null}}},"fnMap":{"0":{"name":"(anonymous_5)","decl":{"start":{"line":12,"column":4},"end":{"line":12,"column":24}},"loc":{"start":{"line":12,"column":64},"end":{"line":12,"column":69}}},"1":{"name":"(anonymous_6)","decl":{"start":{"line":40,"column":10},"end":{"line":40,"column":16}},"loc":{"start":{"line":42,"column":49},"end":{"line":48,"column":5}}},"2":{"name":"(anonymous_7)","decl":{"start":{"line":33,"column":22},"end":{"line":33,"column":23}},"loc":{"start":{"line":33,"column":46},"end":{"line":37,"column":13}}}},"branchMap":{"0":{"loc":{"start":{"line":42,"column":30},"end":{"line":42,"column":null}},"type":"cond-expr","locations":[{"start":{"line":42,"column":49},"end":{"line":42,"column":null}},{"start":{"line":42,"column":49},"end":{"line":42,"column":null}}]},"1":{"loc":{"start":{"line":42,"column":30},"end":{"line":42,"column":49}},"type":"binary-expr","locations":[{"start":{"line":42,"column":30},"end":{"line":42,"column":38}},{"start":{"line":42,"column":37},"end":{"line":42,"column":45}},{"start":{"line":42,"column":44},"end":{"line":42,"column":49}}]},"2":{"loc":{"start":{"line":12,"column":45},"end":{"line":12,"column":68}},"type":"cond-expr","locations":[{"start":{"line":12,"column":64},"end":{"line":12,"column":68}},{"start":{"line":12,"column":64},"end":{"line":12,"column":68}}]},"3":{"loc":{"start":{"line":12,"column":45},"end":{"line":12,"column":64}},"type":"binary-expr","locations":[{"start":{"line":12,"column":45},"end":{"line":12,"column":68}},{"start":{"line":12,"column":45},"end":{"line":12,"column":64}}]}},"s":{"0":1,"1":1,"2":1,"3":1,"4":1,"5":1,"6":1,"7":1,"8":2,"9":1,"10":1,"11":1,"12":0,"13":0,"14":0,"15":1},"f":{"0":2,"1":1,"2":0},"b":{"0":[0,1],"1":[1,0,0],"2":[1,0],"3":[1,1]}}
,"C:\\www\\boiler-plate\\src\\modules\\user\\infra\\http\\controllers\\user.controller.ts": {"path":"C:\\www\\boiler-plate\\src\\modules\\user\\infra\\http\\controllers\\user.controller.ts","statementMap":{"0":{"start":{"line":1,"column":0},"end":{"line":1,"column":68}},"1":{"start":{"line":2,"column":0},"end":{"line":2,"column":69}},"2":{"start":{"line":3,"column":0},"end":{"line":3,"column":56}},"3":{"start":{"line":4,"column":0},"end":{"line":4,"column":58}},"4":{"start":{"line":5,"column":0},"end":{"line":5,"column":60}},"5":{"start":{"line":6,"column":0},"end":{"line":6,"column":79}},"6":{"start":{"line":7,"column":0},"end":{"line":7,"column":86}},"7":{"start":{"line":8,"column":0},"end":{"line":8,"column":84}},"8":{"start":{"line":12,"column":7},"end":{"line":33,"column":null}},"9":{"start":{"line":14,"column":25},"end":{"line":14,"column":44}},"10":{"start":{"line":15,"column":25},"end":{"line":15,"column":43}},"11":{"start":{"line":24,"column":8},"end":{"line":24,"column":55}},"12":{"start":{"line":31,"column":8},"end":{"line":31,"column":52}},"13":{"start":{"line":12,"column":13},"end":{"line":12,"column":27}},"14":{"start":{"line":23,"column":10},"end":{"line":25,"column":null}},"15":{"start":{"line":30,"column":10},"end":{"line":32,"column":null}},"16":{"start":{"line":12,"column":13},"end":{"line":33,"column":null}}},"fnMap":{"0":{"name":"(anonymous_4)","decl":{"start":{"line":13,"column":4},"end":{"line":13,"column":null}},"loc":{"start":{"line":15,"column":59},"end":{"line":16,"column":9}}},"1":{"name":"(anonymous_5)","decl":{"start":{"line":23,"column":10},"end":{"line":23,"column":20}},"loc":{"start":{"line":23,"column":51},"end":{"line":25,"column":5}}},"2":{"name":"(anonymous_6)","decl":{"start":{"line":30,"column":10},"end":{"line":30,"column":17}},"loc":{"start":{"line":30,"column":48},"end":{"line":32,"column":5}}}},"branchMap":{"0":{"loc":{"start":{"line":23,"column":38},"end":{"line":23,"column":null}},"type":"cond-expr","locations":[{"start":{"line":23,"column":51},"end":{"line":23,"column":null}},{"start":{"line":23,"column":51},"end":{"line":23,"column":null}}]},"1":{"loc":{"start":{"line":23,"column":38},"end":{"line":23,"column":51}},"type":"binary-expr","locations":[{"start":{"line":23,"column":38},"end":{"line":23,"column":null}},{"start":{"line":23,"column":38},"end":{"line":23,"column":51}}]},"2":{"loc":{"start":{"line":30,"column":34},"end":{"line":30,"column":null}},"type":"cond-expr","locations":[{"start":{"line":30,"column":48},"end":{"line":30,"column":null}},{"start":{"line":30,"column":48},"end":{"line":30,"column":null}}]},"3":{"loc":{"start":{"line":30,"column":34},"end":{"line":30,"column":48}},"type":"binary-expr","locations":[{"start":{"line":30,"column":34},"end":{"line":30,"column":null}},{"start":{"line":30,"column":34},"end":{"line":30,"column":48}}]},"4":{"loc":{"start":{"line":14,"column":44},"end":{"line":14,"column":null}},"type":"cond-expr","locations":[{"start":{"line":14,"column":61},"end":{"line":14,"column":null}},{"start":{"line":14,"column":61},"end":{"line":14,"column":null}}]},"5":{"loc":{"start":{"line":14,"column":44},"end":{"line":14,"column":61}},"type":"binary-expr","locations":[{"start":{"line":14,"column":44},"end":{"line":14,"column":null}},{"start":{"line":14,"column":44},"end":{"line":14,"column":61}}]},"6":{"loc":{"start":{"line":14,"column":61},"end":{"line":15,"column":null}},"type":"cond-expr","locations":[{"start":{"line":15,"column":59},"end":{"line":15,"column":null}},{"start":{"line":15,"column":59},"end":{"line":15,"column":null}}]},"7":{"loc":{"start":{"line":14,"column":61},"end":{"line":15,"column":59}},"type":"binary-expr","locations":[{"start":{"line":14,"column":61},"end":{"line":15,"column":null}},{"start":{"line":15,"column":43},"end":{"line":15,"column":59}}]}},"s":{"0":1,"1":1,"2":1,"3":1,"4":1,"5":1,"6":1,"7":1,"8":1,"9":5,"10":5,"11":2,"12":2,"13":1,"14":1,"15":1,"16":1},"f":{"0":5,"1":2,"2":2},"b":{"0":[1,0],"1":[1,1],"2":[1,0],"3":[1,1],"4":[1,0],"5":[1,1],"6":[1,0],"7":[1,1]}}
,"C:\\www\\boiler-plate\\src\\modules\\user\\infra\\http\\dtos\\create-user.dto.ts": {"path":"C:\\www\\boiler-plate\\src\\modules\\user\\infra\\http\\dtos\\create-user.dto.ts","statementMap":{"0":{"start":{"line":1,"column":0},"end":{"line":1,"column":46}},"1":{"start":{"line":2,"column":0},"end":{"line":2,"column":52}},"2":{"start":{"line":4,"column":0},"end":{"line":4,"column":13}},"3":{"start":{"line":7,"column":4},"end":{"line":7,"column":null}},"4":{"start":{"line":11,"column":4},"end":{"line":11,"column":null}},"5":{"start":{"line":15,"column":4},"end":{"line":15,"column":null}}},"fnMap":{},"branchMap":{},"s":{"0":1,"1":1,"2":1,"3":1,"4":1,"5":1},"f":{},"b":{}}
,"C:\\www\\boiler-plate\\src\\modules\\user\\infra\\http\\dtos\\filter-users.dto.ts": {"path":"C:\\www\\boiler-plate\\src\\modules\\user\\infra\\http\\dtos\\filter-users.dto.ts","statementMap":{"0":{"start":{"line":1,"column":0},"end":{"line":1,"column":54}},"1":{"start":{"line":2,"column":0},"end":{"line":2,"column":70}},"2":{"start":{"line":3,"column":0},"end":{"line":3,"column":41}},"3":{"start":{"line":11,"column":20},"end":{"line":11,"column":21}},"4":{"start":{"line":18,"column":21},"end":{"line":18,"column":23}},"5":{"start":{"line":5,"column":0},"end":{"line":5,"column":13}},"6":{"start":{"line":11,"column":4},"end":{"line":11,"column":null}},"7":{"start":{"line":8,"column":16},"end":{"line":8,"column":22}},"8":{"start":{"line":18,"column":4},"end":{"line":18,"column":null}},"9":{"start":{"line":15,"column":16},"end":{"line":15,"column":22}},"10":{"start":{"line":23,"column":4},"end":{"line":23,"column":null}}},"fnMap":{"0":{"name":"(anonymous_2)","decl":{"start":{"line":8,"column":10},"end":{"line":8,"column":13}},"loc":{"start":{"line":8,"column":16},"end":{"line":8,"column":22}}},"1":{"name":"(anonymous_3)","decl":{"start":{"line":15,"column":10},"end":{"line":15,"column":13}},"loc":{"start":{"line":15,"column":16},"end":{"line":15,"column":22}}}},"branchMap":{},"s":{"0":1,"1":1,"2":1,"3":0,"4":0,"5":1,"6":1,"7":0,"8":1,"9":0,"10":1},"f":{"0":0,"1":0},"b":{}}
,"C:\\www\\boiler-plate\\src\\modules\\user\\infra\\http\\dtos\\paginated-user-response.dto.ts": {"path":"C:\\www\\boiler-plate\\src\\modules\\user\\infra\\http\\dtos\\paginated-user-response.dto.ts","statementMap":{"0":{"start":{"line":1,"column":0},"end":{"line":1,"column":46}},"1":{"start":{"line":2,"column":0},"end":{"line":2,"column":54}},"2":{"start":{"line":4,"column":0},"end":{"line":4,"column":13}},"3":{"start":{"line":6,"column":4},"end":{"line":6,"column":null}},"4":{"start":{"line":9,"column":4},"end":{"line":9,"column":null}}},"fnMap":{},"branchMap":{},"s":{"0":1,"1":1,"2":1,"3":1,"4":1},"f":{},"b":{}}
,"C:\\www\\boiler-plate\\src\\modules\\user\\infra\\http\\dtos\\upload-avatar-response.dto.ts": {"path":"C:\\www\\boiler-plate\\src\\modules\\user\\infra\\http\\dtos\\upload-avatar-response.dto.ts","statementMap":{"0":{"start":{"line":1,"column":0},"end":{"line":1,"column":46}},"1":{"start":{"line":3,"column":0},"end":{"line":3,"column":13}},"2":{"start":{"line":5,"column":4},"end":{"line":5,"column":null}},"3":{"start":{"line":8,"column":4},"end":{"line":8,"column":null}}},"fnMap":{},"branchMap":{},"s":{"0":1,"1":1,"2":1,"3":1},"f":{},"b":{}}
,"C:\\www\\boiler-plate\\src\\modules\\user\\infra\\http\\dtos\\user-response.dto.ts": {"path":"C:\\www\\boiler-plate\\src\\modules\\user\\infra\\http\\dtos\\user-response.dto.ts","statementMap":{"0":{"start":{"line":1,"column":0},"end":{"line":1,"column":46}},"1":{"start":{"line":3,"column":0},"end":{"line":3,"column":13}},"2":{"start":{"line":5,"column":4},"end":{"line":5,"column":null}},"3":{"start":{"line":8,"column":4},"end":{"line":8,"column":null}},"4":{"start":{"line":11,"column":4},"end":{"line":11,"column":null}}},"fnMap":{},"branchMap":{},"s":{"0":1,"1":1,"2":1,"3":1,"4":1},"f":{},"b":{}}
,"C:\\www\\boiler-plate\\src\\shared\\infra\\database\\base.mapper.ts": {"path":"C:\\www\\boiler-plate\\src\\shared\\infra\\database\\base.mapper.ts","statementMap":{"0":{"start":{"line":6,"column":28},"end":{"line":6,"column":50}},"1":{"start":{"line":8,"column":8},"end":{"line":8,"column":43}},"2":{"start":{"line":10,"column":8},"end":{"line":10,"column":27}},"3":{"start":{"line":17,"column":8},"end":{"line":17,"column":44}},"4":{"start":{"line":1,"column":0},"end":{"line":1,"column":13}}},"fnMap":{"0":{"name":"(anonymous_0)","decl":{"start":{"line":2,"column":4},"end":{"line":2,"column":10}},"loc":{"start":{"line":4,"column":37},"end":{"line":11,"column":5}}},"1":{"name":"(anonymous_1)","decl":{"start":{"line":13,"column":4},"end":{"line":13,"column":10}},"loc":{"start":{"line":15,"column":42},"end":{"line":18,"column":5}}}},"branchMap":{},"s":{"0":2,"1":2,"2":2,"3":6,"4":1},"f":{"0":2,"1":6},"b":{}}
,"C:\\www\\boiler-plate\\src\\shared\\infra\\http\\constants\\upload.ts": {"path":"C:\\www\\boiler-plate\\src\\shared\\infra\\http\\constants\\upload.ts","statementMap":{"0":{"start":{"line":1,"column":0},"end":{"line":1,"column":23}},"1":{"start":{"line":2,"column":0},"end":{"line":2,"column":27}},"2":{"start":{"line":3,"column":0},"end":{"line":3,"column":46}},"3":{"start":{"line":5,"column":18},"end":{"line":5,"column":78}},"4":{"start":{"line":25,"column":0},"end":{"line":49,"column":null}},"5":{"start":{"line":35,"column":33},"end":{"line":35,"column":71}},"6":{"start":{"line":36,"column":33},"end":{"line":36,"column":67}},"7":{"start":{"line":38,"column":16},"end":{"line":38,"column":null}}},"fnMap":{"0":{"name":"(anonymous_1)","decl":{"start":{"line":34,"column":12},"end":{"line":34,"column":20}},"loc":{"start":{"line":34,"column":44},"end":{"line":39,"column":13}}}},"branchMap":{"0":{"loc":{"start":{"line":26,"column":12},"end":{"line":26,"column":48}},"type":"binary-expr","locations":[{"start":{"line":26,"column":12},"end":{"line":26,"column":38}},{"start":{"line":26,"column":42},"end":{"line":26,"column":48}}]}},"s":{"0":4,"1":4,"2":4,"3":4,"4":4,"5":0,"6":0,"7":0},"f":{"0":0},"b":{"0":[4,4]}}
,"C:\\www\\boiler-plate\\src\\shared\\infra\\http\\controllers\\message-broker.controller.ts": {"path":"C:\\www\\boiler-plate\\src\\shared\\infra\\http\\controllers\\message-broker.controller.ts","statementMap":{"0":{"start":{"line":1,"column":0},"end":{"line":1,"column":44}},"1":{"start":{"line":2,"column":0},"end":{"line":2,"column":62}},"2":{"start":{"line":3,"column":0},"end":{"line":3,"column":92}},"3":{"start":{"line":6,"column":7},"end":{"line":14,"column":null}},"4":{"start":{"line":7,"column":24},"end":{"line":7,"column":39}},"5":{"start":{"line":11,"column":8},"end":{"line":11,"column":49}},"6":{"start":{"line":12,"column":8},"end":{"line":12,"column":47}},"7":{"start":{"line":6,"column":13},"end":{"line":6,"column":36}},"8":{"start":{"line":10,"column":10},"end":{"line":13,"column":null}},"9":{"start":{"line":6,"column":13},"end":{"line":14,"column":null}}},"fnMap":{"0":{"name":"(anonymous_4)","decl":{"start":{"line":7,"column":4},"end":{"line":7,"column":24}},"loc":{"start":{"line":7,"column":59},"end":{"line":7,"column":64}}},"1":{"name":"(anonymous_5)","decl":{"start":{"line":10,"column":10},"end":{"line":10,"column":30}},"loc":{"start":{"line":10,"column":51},"end":{"line":13,"column":5}}}},"branchMap":{"0":{"loc":{"start":{"line":7,"column":39},"end":{"line":7,"column":63}},"type":"cond-expr","locations":[{"start":{"line":7,"column":59},"end":{"line":7,"column":63}},{"start":{"line":7,"column":59},"end":{"line":7,"column":63}}]},"1":{"loc":{"start":{"line":7,"column":39},"end":{"line":7,"column":59}},"type":"binary-expr","locations":[{"start":{"line":7,"column":39},"end":{"line":7,"column":63}},{"start":{"line":7,"column":39},"end":{"line":7,"column":59}}]}},"s":{"0":1,"1":1,"2":1,"3":1,"4":2,"5":1,"6":1,"7":1,"8":1,"9":1},"f":{"0":2,"1":1},"b":{"0":[1,0],"1":[1,1]}}
,"C:\\www\\boiler-plate\\src\\shared\\infra\\http\\filters\\http-exception.filter.ts": {"path":"C:\\www\\boiler-plate\\src\\shared\\infra\\http\\filters\\http-exception.filter.ts","statementMap":{"0":{"start":{"line":1,"column":0},"end":{"line":1,"column":98}},"1":{"start":{"line":4,"column":7},"end":{"line":20,"column":null}},"2":{"start":{"line":6,"column":20},"end":{"line":6,"column":39}},"3":{"start":{"line":7,"column":25},"end":{"line":7,"column":42}},"4":{"start":{"line":9,"column":23},"end":{"line":11,"column":46}},"5":{"start":{"line":13,"column":8},"end":{"line":18,"column":11}},"6":{"start":{"line":4,"column":13},"end":{"line":4,"column":34}},"7":{"start":{"line":4,"column":13},"end":{"line":20,"column":null}}},"fnMap":{"0":{"name":"(anonymous_1)","decl":{"start":{"line":5,"column":4},"end":{"line":5,"column":9}},"loc":{"start":{"line":5,"column":45},"end":{"line":19,"column":5}}}},"branchMap":{"0":{"loc":{"start":{"line":9,"column":23},"end":{"line":11,"column":46}},"type":"cond-expr","locations":[{"start":{"line":10,"column":14},"end":{"line":10,"column":35}},{"start":{"line":11,"column":14},"end":{"line":11,"column":46}}]},"1":{"loc":{"start":{"line":16,"column":19},"end":{"line":16,"column":94}},"type":"binary-expr","locations":[{"start":{"line":16,"column":19},"end":{"line":16,"column":46}},{"start":{"line":16,"column":50},"end":{"line":16,"column":67}},{"start":{"line":16,"column":71},"end":{"line":16,"column":94}}]}},"s":{"0":1,"1":1,"2":3,"3":3,"4":3,"5":3,"6":1,"7":1},"f":{"0":3},"b":{"0":[1,2],"1":[3,3,1]}}
,"C:\\www\\boiler-plate\\src\\shared\\infra\\http\\guards\\auth.guard.ts": {"path":"C:\\www\\boiler-plate\\src\\shared\\infra\\http\\guards\\auth.guard.ts","statementMap":{"0":{"start":{"line":1,"column":0},"end":{"line":1,"column":null}},"1":{"start":{"line":10,"column":7},"end":{"line":33,"column":null}},"2":{"start":{"line":12,"column":24},"end":{"line":12,"column":68}},"3":{"start":{"line":13,"column":22},"end":{"line":13,"column":58}},"4":{"start":{"line":15,"column":8},"end":{"line":17,"column":9}},"5":{"start":{"line":16,"column":12},"end":{"line":16,"column":68}},"6":{"start":{"line":19,"column":8},"end":{"line":25,"column":9}},"7":{"start":{"line":20,"column":12},"end":{"line":22,"column":13}},"8":{"start":{"line":21,"column":16},"end":{"line":21,"column":34}},"9":{"start":{"line":24,"column":12},"end":{"line":24,"column":62}},"10":{"start":{"line":26,"column":8},"end":{"line":26,"column":20}},"11":{"start":{"line":30,"column":30},"end":{"line":30,"column":77}},"12":{"start":{"line":31,"column":8},"end":{"line":31,"column":53}},"13":{"start":{"line":10,"column":13},"end":{"line":10,"column":22}},"14":{"start":{"line":10,"column":13},"end":{"line":33,"column":null}}},"fnMap":{"0":{"name":"(anonymous_1)","decl":{"start":{"line":11,"column":4},"end":{"line":11,"column":9}},"loc":{"start":{"line":11,"column":47},"end":{"line":27,"column":5}}},"1":{"name":"(anonymous_2)","decl":{"start":{"line":29,"column":12},"end":{"line":29,"column":34}},"loc":{"start":{"line":29,"column":51},"end":{"line":32,"column":5}}}},"branchMap":{"0":{"loc":{"start":{"line":15,"column":8},"end":{"line":17,"column":9}},"type":"if","locations":[{"start":{"line":15,"column":8},"end":{"line":17,"column":9}},{"start":{},"end":{}}]},"1":{"loc":{"start":{"line":20,"column":12},"end":{"line":22,"column":13}},"type":"if","locations":[{"start":{"line":20,"column":12},"end":{"line":22,"column":13}},{"start":{},"end":{}}]},"2":{"loc":{"start":{"line":30,"column":30},"end":{"line":30,"column":77}},"type":"binary-expr","locations":[{"start":{"line":30,"column":30},"end":{"line":30,"column":71}},{"start":{"line":30,"column":75},"end":{"line":30,"column":77}}]},"3":{"loc":{"start":{"line":31,"column":15},"end":{"line":31,"column":52}},"type":"cond-expr","locations":[{"start":{"line":31,"column":35},"end":{"line":31,"column":40}},{"start":{"line":31,"column":43},"end":{"line":31,"column":52}}]}},"s":{"0":1,"1":1,"2":4,"3":4,"4":4,"5":2,"6":2,"7":2,"8":1,"9":1,"10":1,"11":4,"12":4,"13":1,"14":1},"f":{"0":4,"1":4},"b":{"0":[2,2],"1":[1,1],"2":[4,1],"3":[2,2]}}
,"C:\\www\\boiler-plate\\src\\shared\\infra\\http\\interceptors\\transform.interceptor.ts": {"path":"C:\\www\\boiler-plate\\src\\shared\\infra\\http\\interceptors\\transform.interceptor.ts","statementMap":{"0":{"start":{"line":1,"column":0},"end":{"line":1,"column":null}},"1":{"start":{"line":8,"column":0},"end":{"line":8,"column":37}},"2":{"start":{"line":17,"column":7},"end":{"line":33,"column":null}},"3":{"start":{"line":22,"column":25},"end":{"line":22,"column":61}},"4":{"start":{"line":23,"column":27},"end":{"line":23,"column":46}},"5":{"start":{"line":25,"column":8},"end":{"line":31,"column":10}},"6":{"start":{"line":26,"column":27},"end":{"line":30,"column":14}},"7":{"start":{"line":17,"column":13},"end":{"line":17,"column":33}},"8":{"start":{"line":17,"column":13},"end":{"line":33,"column":null}}},"fnMap":{"0":{"name":"(anonymous_1)","decl":{"start":{"line":18,"column":4},"end":{"line":18,"column":13}},"loc":{"start":{"line":20,"column":25},"end":{"line":32,"column":5}}},"1":{"name":"(anonymous_2)","decl":{"start":{"line":26,"column":16},"end":{"line":26,"column":17}},"loc":{"start":{"line":26,"column":27},"end":{"line":30,"column":14}}}},"branchMap":{},"s":{"0":1,"1":1,"2":1,"3":2,"4":2,"5":2,"6":2,"7":1,"8":1},"f":{"0":2,"1":2},"b":{}}
,"C:\\www\\boiler-plate\\src\\shared\\infra\\http\\providers\\message-broker-provider\\implementations\\rabbit-mq-provider.ts": {"path":"C:\\www\\boiler-plate\\src\\shared\\infra\\http\\providers\\message-broker-provider\\implementations\\rabbit-mq-provider.ts","statementMap":{"0":{"start":{"line":1,"column":0},"end":{"line":1,"column":52}},"1":{"start":{"line":2,"column":0},"end":{"line":2,"column":52}},"2":{"start":{"line":6,"column":7},"end":{"line":16,"column":null}},"3":{"start":{"line":9,"column":25},"end":{"line":9,"column":33}},"4":{"start":{"line":13,"column":8},"end":{"line":13,"column":51}},"5":{"start":{"line":14,"column":8},"end":{"line":14,"column":41}},"6":{"start":{"line":6,"column":13},"end":{"line":6,"column":29}},"7":{"start":{"line":6,"column":13},"end":{"line":16,"column":null}}},"fnMap":{"0":{"name":"(anonymous_4)","decl":{"start":{"line":7,"column":4},"end":{"line":7,"column":null}},"loc":{"start":{"line":9,"column":44},"end":{"line":10,"column":9}}},"1":{"name":"(anonymous_5)","decl":{"start":{"line":12,"column":4},"end":{"line":12,"column":9}},"loc":{"start":{"line":12,"column":45},"end":{"line":15,"column":5}}}},"branchMap":{"0":{"loc":{"start":{"line":9,"column":33},"end":{"line":9,"column":null}},"type":"cond-expr","locations":[{"start":{"line":9,"column":44},"end":{"line":9,"column":null}},{"start":{"line":9,"column":44},"end":{"line":9,"column":null}}]},"1":{"loc":{"start":{"line":9,"column":33},"end":{"line":9,"column":44}},"type":"binary-expr","locations":[{"start":{"line":9,"column":33},"end":{"line":9,"column":null}},{"start":{"line":9,"column":33},"end":{"line":9,"column":44}}]}},"s":{"0":1,"1":1,"2":1,"3":3,"4":2,"5":2,"6":1,"7":1},"f":{"0":3,"1":2},"b":{"0":[1,0],"1":[1,1]}}
,"C:\\www\\boiler-plate\\src\\shared\\infra\\http\\providers\\storage-provider\\implementations\\disk-storage-provider.ts": {"path":"C:\\www\\boiler-plate\\src\\shared\\infra\\http\\providers\\storage-provider\\implementations\\disk-storage-provider.ts","statementMap":{"0":{"start":{"line":1,"column":0},"end":{"line":1,"column":19}},"1":{"start":{"line":2,"column":0},"end":{"line":2,"column":23}},"2":{"start":{"line":4,"column":0},"end":{"line":4,"column":46}},"3":{"start":{"line":8,"column":4},"end":{"line":11,"column":null}},"4":{"start":{"line":13,"column":4},"end":{"line":13,"column":null}},"5":{"start":{"line":17,"column":21},"end":{"line":17,"column":61}},"6":{"start":{"line":19,"column":4},"end":{"line":23,"column":5}},"7":{"start":{"line":20,"column":6},"end":{"line":20,"column":null}},"8":{"start":{"line":22,"column":6},"end":{"line":22,"column":12}},"9":{"start":{"line":25,"column":4},"end":{"line":25,"column":null}},"10":{"start":{"line":6,"column":0},"end":{"line":6,"column":13}}},"fnMap":{"0":{"name":"(anonymous_1)","decl":{"start":{"line":7,"column":9},"end":{"line":7,"column":14}},"loc":{"start":{"line":7,"column":36},"end":{"line":14,"column":3}}},"1":{"name":"(anonymous_2)","decl":{"start":{"line":16,"column":9},"end":{"line":16,"column":14}},"loc":{"start":{"line":16,"column":38},"end":{"line":26,"column":3}}}},"branchMap":{},"s":{"0":1,"1":1,"2":1,"3":1,"4":1,"5":2,"6":2,"7":2,"8":1,"9":1,"10":1},"f":{"0":1,"1":2},"b":{}}
,"C:\\www\\boiler-plate\\src\\shared\\infra\\http\\providers\\storage-provider\\implementations\\s3-storage-provider.ts": {"path":"C:\\www\\boiler-plate\\src\\shared\\infra\\http\\providers\\storage-provider\\implementations\\s3-storage-provider.ts","statementMap":{"0":{"start":{"line":1,"column":0},"end":{"line":1,"column":19}},"1":{"start":{"line":2,"column":0},"end":{"line":2,"column":23}},"2":{"start":{"line":3,"column":0},"end":{"line":3,"column":23}},"3":{"start":{"line":4,"column":0},"end":{"line":4,"column":33}},"4":{"start":{"line":6,"column":0},"end":{"line":6,"column":46}},"5":{"start":{"line":12,"column":4},"end":{"line":14,"column":null}},"6":{"start":{"line":18,"column":25},"end":{"line":18,"column":61}},"7":{"start":{"line":20,"column":24},"end":{"line":20,"column":50}},"8":{"start":{"line":22,"column":4},"end":{"line":24,"column":5}},"9":{"start":{"line":23,"column":6},"end":{"line":23,"column":40}},"10":{"start":{"line":26,"column":24},"end":{"line":26,"column":64}},"11":{"start":{"line":28,"column":4},"end":{"line":36,"column":17}},"12":{"start":{"line":38,"column":4},"end":{"line":38,"column":43}},"13":{"start":{"line":40,"column":4},"end":{"line":40,"column":16}},"14":{"start":{"line":44,"column":4},"end":{"line":49,"column":null}},"15":{"start":{"line":8,"column":0},"end":{"line":8,"column":13}}},"fnMap":{"0":{"name":"(anonymous_1)","decl":{"start":{"line":11,"column":2},"end":{"line":11,"column":null}},"loc":{"start":{"line":11,"column":2},"end":{"line":15,"column":3}}},"1":{"name":"(anonymous_2)","decl":{"start":{"line":17,"column":9},"end":{"line":17,"column":14}},"loc":{"start":{"line":17,"column":36},"end":{"line":41,"column":3}}},"2":{"name":"(anonymous_3)","decl":{"start":{"line":43,"column":9},"end":{"line":43,"column":14}},"loc":{"start":{"line":43,"column":38},"end":{"line":50,"column":3}}}},"branchMap":{"0":{"loc":{"start":{"line":22,"column":4},"end":{"line":24,"column":5}},"type":"if","locations":[{"start":{"line":22,"column":4},"end":{"line":24,"column":5}},{"start":{},"end":{}}]}},"s":{"0":1,"1":1,"2":1,"3":1,"4":1,"5":3,"6":2,"7":2,"8":2,"9":1,"10":1,"11":1,"12":1,"13":1,"14":1,"15":1},"f":{"0":3,"1":2,"2":1},"b":{"0":[1,1]}}
}
