TN:
SF:src\modules\user\application\create-user.use-case.ts
FN:9,(anonymous_4)
FN:14,(anonymous_5)
FNF:2
FNH:2
FNDA:2,(anonymous_4)
FNDA:2,(anonymous_5)
DA:1,2
DA:2,2
DA:5,2
DA:8,2
DA:11,2
DA:15,2
DA:17,2
DA:18,1
DA:21,1
DA:23,1
LF:10
LH:10
BRDA:17,0,0,1
BRDA:17,0,1,1
BRF:2
BRH:2
end_of_record
TN:
SF:src\modules\user\application\index-user.use-case.ts
FN:7,(anonymous_4)
FN:12,(anonymous_5)
FNF:2
FNH:2
FNDA:1,(anonymous_4)
FNDA:1,(anonymous_5)
DA:1,2
DA:6,2
DA:9,1
DA:13,1
DA:14,1
LF:5
LH:5
BRF:0
BRH:0
end_of_record
TN:
SF:src\modules\user\application\process-avatar.use-case.ts
FN:5,(anonymous_1)
FNF:1
FNH:1
FNDA:1,(anonymous_1)
DA:1,2
DA:4,2
DA:6,1
LF:3
LH:3
BRF:0
BRH:0
end_of_record
TN:
SF:src\modules\user\application\upload-avatar-user.use-case.ts
FN:13,(anonymous_4)
FN:25,(anonymous_5)
FNF:2
FNH:2
FNDA:3,(anonymous_4)
FNDA:3,(anonymous_5)
DA:1,2
DA:3,2
DA:12,2
DA:15,3
DA:18,3
DA:21,3
DA:26,3
DA:27,3
DA:28,1
DA:31,2
DA:32,1
DA:35,2
DA:37,2
DA:39,2
DA:40,2
DA:45,1
DA:48,2
DA:50,2
LF:18
LH:18
BRDA:27,0,0,1
BRDA:27,0,1,2
BRDA:31,1,0,1
BRDA:31,1,1,1
BRF:4
BRH:4
end_of_record
TN:
SF:src\modules\user\domain\entities\user.entity.ts
FN:11,(anonymous_3)
FN:20,(anonymous_4)
FN:21,(anonymous_5)
FN:22,(anonymous_6)
FN:23,(anonymous_7)
FN:25,(anonymous_8)
FN:30,(anonymous_9)
FN:45,(anonymous_10)
FNF:8
FNH:7
FNDA:18,(anonymous_3)
FNDA:2,(anonymous_4)
FNDA:3,(anonymous_5)
FNDA:5,(anonymous_6)
FNDA:0,(anonymous_7)
FNDA:4,(anonymous_8)
FNDA:7,(anonymous_9)
FNDA:3,(anonymous_10)
DA:1,4
DA:2,4
DA:4,4
DA:12,18
DA:13,1
DA:16,17
DA:17,17
DA:20,2
DA:21,3
DA:22,5
DA:23,0
DA:26,4
DA:30,4
DA:31,7
DA:32,3
DA:35,4
DA:37,2
DA:39,1
DA:41,1
DA:46,3
LF:20
LH:19
BRDA:12,0,0,1
BRDA:12,0,1,17
BRDA:12,1,0,18
BRDA:12,1,1,18
BRDA:17,2,0,17
BRDA:17,2,1,9
BRDA:31,3,0,3
BRDA:31,3,1,4
BRDA:35,4,0,2
BRDA:35,4,1,1
BRDA:35,4,2,1
BRF:11
BRH:11
end_of_record
TN:
SF:src\modules\user\domain\errors\email-already-exists.ts
FN:4,(anonymous_0)
FNF:1
FNH:1
FNDA:1,(anonymous_0)
DA:1,2
DA:3,2
DA:5,1
LF:3
LH:3
BRF:0
BRH:0
end_of_record
TN:
SF:src\modules\user\domain\errors\user-not-found.ts
FN:4,(anonymous_0)
FNF:1
FNH:1
FNDA:1,(anonymous_0)
DA:1,2
DA:3,2
DA:5,1
LF:3
LH:3
BRF:0
BRH:0
end_of_record
TN:
SF:src\modules\user\infra\database\entities\user.entity.ts
FN:20,(anonymous_2)
FN:23,(anonymous_3)
FNF:2
FNH:0
FNDA:0,(anonymous_2)
FNDA:0,(anonymous_3)
DA:1,1
DA:4,1
DA:6,1
DA:9,1
DA:12,1
DA:15,1
DA:18,1
DA:20,0
DA:21,1
DA:23,0
DA:24,1
LF:11
LH:9
BRDA:21,0,0,1
BRDA:21,0,1,0
BRDA:21,1,0,1
BRDA:21,1,1,1
BRDA:24,2,0,1
BRDA:24,2,1,0
BRDA:24,3,0,1
BRDA:24,3,1,1
BRF:8
BRH:6
end_of_record
TN:
SF:src\modules\user\infra\database\repositories\typeorm-user.repository.ts
FN:12,(anonymous_4)
FN:17,(anonymous_5)
FN:25,(anonymous_6)
FN:33,(anonymous_7)
FN:41,(anonymous_8)
FN:58,(anonymous_9)
FN:63,(anonymous_10)
FN:67,(anonymous_11)
FNF:8
FNH:8
FNDA:8,(anonymous_4)
FNDA:1,(anonymous_5)
FNDA:2,(anonymous_6)
FNDA:1,(anonymous_7)
FNDA:1,(anonymous_8)
FNDA:2,(anonymous_9)
FNDA:1,(anonymous_10)
FNDA:1,(anonymous_11)
DA:1,1
DA:2,1
DA:3,1
DA:4,1
DA:6,1
DA:7,1
DA:11,1
DA:14,8
DA:18,1
DA:20,1
DA:22,1
DA:26,2
DA:28,2
DA:30,1
DA:34,1
DA:36,1
DA:38,1
DA:42,1
DA:44,1
DA:47,1
DA:58,2
DA:60,1
DA:64,1
DA:68,1
DA:70,1
DA:72,1
LF:26
LH:26
BRDA:28,0,0,1
BRDA:28,0,1,1
BRDA:36,1,0,0
BRDA:36,1,1,1
BRDA:42,2,0,0
BRDA:42,3,0,0
BRDA:51,4,0,0
BRDA:51,4,1,1
BRDA:14,5,0,1
BRDA:14,5,1,0
BRDA:14,6,0,1
BRDA:14,6,1,1
BRF:12
BRH:7
end_of_record
TN:
SF:src\modules\user\infra\http\controllers\upload-avatar-user.controller.ts
FN:12,(anonymous_5)
FN:40,(anonymous_6)
FN:33,(anonymous_7)
FNF:3
FNH:2
FNDA:2,(anonymous_5)
FNDA:1,(anonymous_6)
FNDA:0,(anonymous_7)
DA:1,1
DA:2,1
DA:3,1
DA:4,1
DA:5,1
DA:6,1
DA:7,1
DA:11,1
DA:12,2
DA:34,0
DA:35,0
DA:36,0
DA:40,1
DA:44,1
LF:14
LH:11
BRDA:42,0,0,0
BRDA:42,0,1,1
BRDA:42,1,0,1
BRDA:42,1,1,0
BRDA:42,1,2,0
BRDA:12,2,0,1
BRDA:12,2,1,0
BRDA:12,3,0,1
BRDA:12,3,1,1
BRF:9
BRH:5
end_of_record
TN:
SF:src\modules\user\infra\http\controllers\user.controller.ts
FN:13,(anonymous_4)
FN:23,(anonymous_5)
FN:30,(anonymous_6)
FNF:3
FNH:3
FNDA:5,(anonymous_4)
FNDA:2,(anonymous_5)
FNDA:2,(anonymous_6)
DA:1,1
DA:2,1
DA:3,1
DA:4,1
DA:5,1
DA:6,1
DA:7,1
DA:8,1
DA:12,1
DA:14,5
DA:15,5
DA:23,1
DA:24,2
DA:30,1
DA:31,2
LF:15
LH:15
BRDA:23,0,0,1
BRDA:23,0,1,0
BRDA:23,1,0,1
BRDA:23,1,1,1
BRDA:30,2,0,1
BRDA:30,2,1,0
BRDA:30,3,0,1
BRDA:30,3,1,1
BRDA:14,4,0,1
BRDA:14,4,1,0
BRDA:14,5,0,1
BRDA:14,5,1,1
BRDA:14,6,0,1
BRDA:14,6,1,0
BRDA:14,7,0,1
BRDA:14,7,1,1
BRF:16
BRH:12
end_of_record
TN:
SF:src\modules\user\infra\http\dtos\create-user.dto.ts
FNF:0
FNH:0
DA:1,1
DA:2,1
DA:4,1
DA:7,1
DA:11,1
DA:15,1
LF:6
LH:6
BRF:0
BRH:0
end_of_record
TN:
SF:src\modules\user\infra\http\dtos\filter-users.dto.ts
FN:8,(anonymous_2)
FN:15,(anonymous_3)
FNF:2
FNH:0
FNDA:0,(anonymous_2)
FNDA:0,(anonymous_3)
DA:1,1
DA:2,1
DA:3,1
DA:5,1
DA:8,0
DA:11,1
DA:15,0
DA:18,1
DA:23,1
LF:9
LH:7
BRF:0
BRH:0
end_of_record
TN:
SF:src\modules\user\infra\http\dtos\paginated-user-response.dto.ts
FNF:0
FNH:0
DA:1,1
DA:2,1
DA:4,1
DA:6,1
DA:9,1
LF:5
LH:5
BRF:0
BRH:0
end_of_record
TN:
SF:src\modules\user\infra\http\dtos\upload-avatar-response.dto.ts
FNF:0
FNH:0
DA:1,1
DA:3,1
DA:5,1
DA:8,1
LF:4
LH:4
BRF:0
BRH:0
end_of_record
TN:
SF:src\modules\user\infra\http\dtos\user-response.dto.ts
FNF:0
FNH:0
DA:1,1
DA:3,1
DA:5,1
DA:8,1
DA:11,1
LF:5
LH:5
BRF:0
BRH:0
end_of_record
TN:
SF:src\shared\infra\database\base.mapper.ts
FN:2,(anonymous_0)
FN:13,(anonymous_1)
FNF:2
FNH:2
FNDA:2,(anonymous_0)
FNDA:6,(anonymous_1)
DA:1,1
DA:6,2
DA:8,2
DA:10,2
DA:17,6
LF:5
LH:5
BRF:0
BRH:0
end_of_record
TN:
SF:src\shared\infra\http\constants\upload.ts
FN:34,(anonymous_1)
FNF:1
FNH:0
FNDA:0,(anonymous_1)
DA:1,4
DA:2,4
DA:3,4
DA:5,4
DA:25,4
DA:35,0
DA:36,0
DA:38,0
LF:8
LH:5
BRDA:26,0,0,4
BRDA:26,0,1,4
BRF:2
BRH:2
end_of_record
TN:
SF:src\shared\infra\http\controllers\message-broker.controller.ts
FN:7,(anonymous_4)
FN:10,(anonymous_5)
FNF:2
FNH:2
FNDA:2,(anonymous_4)
FNDA:1,(anonymous_5)
DA:1,1
DA:2,1
DA:3,1
DA:6,1
DA:7,2
DA:10,1
DA:11,1
DA:12,1
LF:8
LH:8
BRDA:7,0,0,1
BRDA:7,0,1,0
BRDA:7,1,0,1
BRDA:7,1,1,1
BRF:4
BRH:3
end_of_record
TN:
SF:src\shared\infra\http\filters\http-exception.filter.ts
FN:5,(anonymous_1)
FNF:1
FNH:1
FNDA:3,(anonymous_1)
DA:1,1
DA:4,1
DA:6,3
DA:7,3
DA:9,3
DA:13,3
LF:6
LH:6
BRDA:9,0,0,1
BRDA:9,0,1,2
BRDA:16,1,0,3
BRDA:16,1,1,3
BRDA:16,1,2,1
BRF:5
BRH:5
end_of_record
TN:
SF:src\shared\infra\http\guards\auth.guard.ts
FN:11,(anonymous_1)
FN:29,(anonymous_2)
FNF:2
FNH:2
FNDA:4,(anonymous_1)
FNDA:4,(anonymous_2)
DA:1,1
DA:10,1
DA:12,4
DA:13,4
DA:15,4
DA:16,2
DA:19,2
DA:20,2
DA:21,1
DA:24,1
DA:26,1
DA:30,4
DA:31,4
LF:13
LH:13
BRDA:15,0,0,2
BRDA:15,0,1,2
BRDA:20,1,0,1
BRDA:20,1,1,1
BRDA:30,2,0,4
BRDA:30,2,1,1
BRDA:31,3,0,2
BRDA:31,3,1,2
BRF:8
BRH:8
end_of_record
TN:
SF:src\shared\infra\http\interceptors\transform.interceptor.ts
FN:18,(anonymous_1)
FN:26,(anonymous_2)
FNF:2
FNH:2
FNDA:2,(anonymous_1)
FNDA:2,(anonymous_2)
DA:1,1
DA:8,1
DA:17,1
DA:22,2
DA:23,2
DA:25,2
DA:26,2
LF:7
LH:7
BRF:0
BRH:0
end_of_record
TN:
SF:src\shared\infra\http\providers\message-broker-provider\implementations\rabbit-mq-provider.ts
FN:7,(anonymous_4)
FN:12,(anonymous_5)
FNF:2
FNH:2
FNDA:3,(anonymous_4)
FNDA:2,(anonymous_5)
DA:1,1
DA:2,1
DA:6,1
DA:9,3
DA:13,2
DA:14,2
LF:6
LH:6
BRDA:9,0,0,1
BRDA:9,0,1,0
BRDA:9,1,0,1
BRDA:9,1,1,1
BRF:4
BRH:3
end_of_record
TN:
SF:src\shared\infra\http\providers\storage-provider\implementations\disk-storage-provider.ts
FN:7,(anonymous_1)
FN:16,(anonymous_2)
FNF:2
FNH:2
FNDA:1,(anonymous_1)
FNDA:2,(anonymous_2)
DA:1,1
DA:2,1
DA:4,1
DA:6,1
DA:8,1
DA:13,1
DA:17,2
DA:19,2
DA:20,2
DA:22,1
DA:25,1
LF:11
LH:11
BRF:0
BRH:0
end_of_record
TN:
SF:src\shared\infra\http\providers\storage-provider\implementations\s3-storage-provider.ts
FN:11,(anonymous_1)
FN:17,(anonymous_2)
FN:43,(anonymous_3)
FNF:3
FNH:3
FNDA:3,(anonymous_1)
FNDA:2,(anonymous_2)
FNDA:1,(anonymous_3)
DA:1,1
DA:2,1
DA:3,1
DA:4,1
DA:6,1
DA:8,1
DA:12,3
DA:18,2
DA:20,2
DA:22,2
DA:23,1
DA:26,1
DA:28,1
DA:38,1
DA:40,1
DA:44,1
LF:16
LH:16
BRDA:22,0,0,1
BRDA:22,0,1,1
BRF:2
BRH:2
end_of_record
